2025-06-27 11:09:58,786 - rse_github_integrator - INFO - Loaded schema: rse_content
2025-06-27 11:09:58,788 - rse_github_integrator - INFO - Loaded schema: rse_markdown
2025-06-27 11:09:58,789 - rse_github_integrator - INFO - Loaded schema: rse_yaml
2025-06-27 11:09:58,789 - rse_github_integrator - INFO - RSE GitHub Integrator initialized for test-owner/test-repo
2025-06-27 11:09:58,811 - rse_github_integrator - INFO - Loaded schema: rse_content
2025-06-27 11:09:58,812 - rse_github_integrator - INFO - Loaded schema: rse_markdown
2025-06-27 11:09:58,813 - rse_github_integrator - INFO - Loaded schema: rse_yaml
2025-06-27 11:09:58,813 - rse_github_integrator - INFO - RSE GitHub Integrator initialized for test-owner/test-repo
2025-06-27 11:09:58,832 - rse_github_integrator - INFO - Loaded schema: rse_content
2025-06-27 11:09:58,833 - rse_github_integrator - INFO - Loaded schema: rse_markdown
2025-06-27 11:09:58,834 - rse_github_integrator - INFO - Loaded schema: rse_yaml
2025-06-27 11:09:58,834 - rse_github_integrator - INFO - RSE GitHub Integrator initialized for test-owner/test-repo
2025-06-27 11:09:58,858 - rse_github_integrator - INFO - Loaded schema: rse_content
2025-06-27 11:09:58,859 - rse_github_integrator - INFO - Loaded schema: rse_markdown
2025-06-27 11:09:58,860 - rse_github_integrator - INFO - Loaded schema: rse_yaml
2025-06-27 11:09:58,860 - rse_github_integrator - INFO - RSE GitHub Integrator initialized for test-owner/test-repo
2025-06-27 11:10:48,361 - rse_github_integrator - INFO - Loaded schema: rse_content
2025-06-27 11:10:48,361 - rse_github_integrator - INFO - Loaded schema: rse_markdown
2025-06-27 11:10:48,362 - rse_github_integrator - INFO - Loaded schema: rse_yaml
2025-06-27 11:10:48,362 - rse_github_integrator - INFO - RSE GitHub Integrator initialized for test-owner/test-repo
2025-06-27 11:10:48,378 - rse_github_integrator - INFO - Loaded schema: rse_content
2025-06-27 11:10:48,379 - rse_github_integrator - INFO - Loaded schema: rse_markdown
2025-06-27 11:10:48,379 - rse_github_integrator - INFO - Loaded schema: rse_yaml
2025-06-27 11:10:48,380 - rse_github_integrator - INFO - RSE GitHub Integrator initialized for test-owner/test-repo
2025-06-27 11:10:48,397 - rse_github_integrator - INFO - Loaded schema: rse_content
2025-06-27 11:10:48,398 - rse_github_integrator - INFO - Loaded schema: rse_markdown
2025-06-27 11:10:48,399 - rse_github_integrator - INFO - Loaded schema: rse_yaml
2025-06-27 11:10:48,399 - rse_github_integrator - INFO - RSE GitHub Integrator initialized for test-owner/test-repo
2025-06-27 11:10:48,420 - rse_github_integrator - INFO - Loaded schema: rse_content
2025-06-27 11:10:48,421 - rse_github_integrator - INFO - Loaded schema: rse_markdown
2025-06-27 11:10:48,422 - rse_github_integrator - INFO - Loaded schema: rse_yaml
2025-06-27 11:10:48,422 - rse_github_integrator - INFO - RSE GitHub Integrator initialized for test-owner/test-repo
2025-06-27 11:11:15,275 - rse_github_integrator - INFO - Loaded schema: rse_content
2025-06-27 11:11:15,276 - rse_github_integrator - INFO - Loaded schema: rse_markdown
2025-06-27 11:11:15,277 - rse_github_integrator - INFO - Loaded schema: rse_yaml
2025-06-27 11:11:15,277 - rse_github_integrator - INFO - RSE GitHub Integrator initialized for test-owner/test-repo
2025-06-27 11:11:15,295 - rse_github_integrator - INFO - Loaded schema: rse_content
2025-06-27 11:11:15,295 - rse_github_integrator - INFO - Loaded schema: rse_markdown
2025-06-27 11:11:15,296 - rse_github_integrator - INFO - Loaded schema: rse_yaml
2025-06-27 11:11:15,296 - rse_github_integrator - INFO - RSE GitHub Integrator initialized for test-owner/test-repo
2025-06-27 11:11:15,313 - rse_github_integrator - INFO - Loaded schema: rse_content
2025-06-27 11:11:15,313 - rse_github_integrator - INFO - Loaded schema: rse_markdown
2025-06-27 11:11:15,314 - rse_github_integrator - INFO - Loaded schema: rse_yaml
2025-06-27 11:11:15,315 - rse_github_integrator - INFO - RSE GitHub Integrator initialized for test-owner/test-repo
2025-06-27 11:11:15,338 - rse_github_integrator - INFO - Loaded schema: rse_content
2025-06-27 11:11:15,339 - rse_github_integrator - INFO - Loaded schema: rse_markdown
2025-06-27 11:11:15,339 - rse_github_integrator - INFO - Loaded schema: rse_yaml
2025-06-27 11:11:15,339 - rse_github_integrator - INFO - RSE GitHub Integrator initialized for test-owner/test-repo
2025-06-27 11:11:21,246 - rse_github_integrator - INFO - Loaded schema: rse_content
2025-06-27 11:11:21,247 - rse_github_integrator - INFO - Loaded schema: rse_markdown
2025-06-27 11:11:21,247 - rse_github_integrator - INFO - Loaded schema: rse_yaml
2025-06-27 11:11:21,248 - rse_github_integrator - INFO - RSE GitHub Integrator initialized for test-owner/test-repo
2025-06-27 11:11:21,263 - rse_github_integrator - INFO - Loaded schema: rse_content
2025-06-27 11:11:21,264 - rse_github_integrator - INFO - Loaded schema: rse_markdown
2025-06-27 11:11:21,264 - rse_github_integrator - INFO - Loaded schema: rse_yaml
2025-06-27 11:11:21,265 - rse_github_integrator - INFO - RSE GitHub Integrator initialized for test-owner/test-repo
2025-06-27 11:11:21,280 - rse_github_integrator - INFO - Loaded schema: rse_content
2025-06-27 11:11:21,281 - rse_github_integrator - INFO - Loaded schema: rse_markdown
2025-06-27 11:11:21,281 - rse_github_integrator - INFO - Loaded schema: rse_yaml
2025-06-27 11:11:21,282 - rse_github_integrator - INFO - RSE GitHub Integrator initialized for test-owner/test-repo
2025-06-27 11:11:21,299 - rse_github_integrator - INFO - Loaded schema: rse_content
2025-06-27 11:11:21,299 - rse_github_integrator - INFO - Loaded schema: rse_markdown
2025-06-27 11:11:21,300 - rse_github_integrator - INFO - Loaded schema: rse_yaml
2025-06-27 11:11:21,300 - rse_github_integrator - INFO - RSE GitHub Integrator initialized for test-owner/test-repo
2025-06-27 11:11:32,203 - rse_github_integrator - INFO - Loaded schema: rse_content
2025-06-27 11:11:32,203 - rse_github_integrator - INFO - Loaded schema: rse_markdown
2025-06-27 11:11:32,204 - rse_github_integrator - INFO - Loaded schema: rse_yaml
2025-06-27 11:11:32,205 - rse_github_integrator - INFO - RSE GitHub Integrator initialized for test-owner/test-repo
2025-06-27 11:11:32,223 - rse_github_integrator - INFO - Loaded schema: rse_content
2025-06-27 11:11:32,223 - rse_github_integrator - INFO - Loaded schema: rse_markdown
2025-06-27 11:11:32,224 - rse_github_integrator - INFO - Loaded schema: rse_yaml
2025-06-27 11:11:32,224 - rse_github_integrator - INFO - RSE GitHub Integrator initialized for test-owner/test-repo
2025-06-27 11:11:32,247 - rse_github_integrator - INFO - Loaded schema: rse_content
2025-06-27 11:11:32,248 - rse_github_integrator - INFO - Loaded schema: rse_markdown
2025-06-27 11:11:32,249 - rse_github_integrator - INFO - Loaded schema: rse_yaml
2025-06-27 11:11:32,249 - rse_github_integrator - INFO - RSE GitHub Integrator initialized for test-owner/test-repo
2025-06-27 11:11:32,273 - rse_github_integrator - INFO - Loaded schema: rse_content
2025-06-27 11:11:32,274 - rse_github_integrator - INFO - Loaded schema: rse_markdown
2025-06-27 11:11:32,275 - rse_github_integrator - INFO - Loaded schema: rse_yaml
2025-06-27 11:11:32,276 - rse_github_integrator - INFO - RSE GitHub Integrator initialized for test-owner/test-repo
2025-06-27 11:12:13,569 - rse_github_integrator - INFO - Loaded schema: rse_content
2025-06-27 11:12:13,570 - rse_github_integrator - INFO - Loaded schema: rse_markdown
2025-06-27 11:12:13,570 - rse_github_integrator - INFO - Loaded schema: rse_yaml
2025-06-27 11:12:13,571 - rse_github_integrator - INFO - RSE GitHub Integrator initialized for test-owner/test-repo
2025-06-27 11:12:13,588 - rse_github_integrator - INFO - Loaded schema: rse_content
2025-06-27 11:12:13,588 - rse_github_integrator - INFO - Loaded schema: rse_markdown
2025-06-27 11:12:13,589 - rse_github_integrator - INFO - Loaded schema: rse_yaml
2025-06-27 11:12:13,589 - rse_github_integrator - INFO - RSE GitHub Integrator initialized for test-owner/test-repo
2025-06-27 11:12:13,604 - rse_github_integrator - INFO - Loaded schema: rse_content
2025-06-27 11:12:13,605 - rse_github_integrator - INFO - Loaded schema: rse_markdown
2025-06-27 11:12:13,606 - rse_github_integrator - INFO - Loaded schema: rse_yaml
2025-06-27 11:12:13,606 - rse_github_integrator - INFO - RSE GitHub Integrator initialized for test-owner/test-repo
2025-06-27 11:12:13,623 - rse_github_integrator - INFO - Loaded schema: rse_content
2025-06-27 11:12:13,623 - rse_github_integrator - INFO - Loaded schema: rse_markdown
2025-06-27 11:12:13,624 - rse_github_integrator - INFO - Loaded schema: rse_yaml
2025-06-27 11:12:13,624 - rse_github_integrator - INFO - RSE GitHub Integrator initialized for test-owner/test-repo
2025-06-27 11:12:23,423 - rse_github_integrator - INFO - Loaded schema: rse_content
2025-06-27 11:12:23,423 - rse_github_integrator - INFO - Loaded schema: rse_markdown
2025-06-27 11:12:23,424 - rse_github_integrator - INFO - Loaded schema: rse_yaml
2025-06-27 11:12:23,425 - rse_github_integrator - INFO - RSE GitHub Integrator initialized for test-owner/test-repo
2025-06-27 11:12:23,441 - rse_github_integrator - INFO - Loaded schema: rse_content
2025-06-27 11:12:23,442 - rse_github_integrator - INFO - Loaded schema: rse_markdown
2025-06-27 11:12:23,442 - rse_github_integrator - INFO - Loaded schema: rse_yaml
2025-06-27 11:12:23,442 - rse_github_integrator - INFO - RSE GitHub Integrator initialized for test-owner/test-repo
2025-06-27 11:12:23,457 - rse_github_integrator - INFO - Loaded schema: rse_content
2025-06-27 11:12:23,457 - rse_github_integrator - INFO - Loaded schema: rse_markdown
2025-06-27 11:12:23,458 - rse_github_integrator - INFO - Loaded schema: rse_yaml
2025-06-27 11:12:23,459 - rse_github_integrator - INFO - RSE GitHub Integrator initialized for test-owner/test-repo
2025-06-27 11:12:23,478 - rse_github_integrator - INFO - Loaded schema: rse_content
2025-06-27 11:12:23,479 - rse_github_integrator - INFO - Loaded schema: rse_markdown
2025-06-27 11:12:23,479 - rse_github_integrator - INFO - Loaded schema: rse_yaml
2025-06-27 11:12:23,480 - rse_github_integrator - INFO - RSE GitHub Integrator initialized for test-owner/test-repo
2025-06-27 11:14:08,658 - rse_github_integrator - INFO - Loaded schema: rse_content
2025-06-27 11:14:08,659 - rse_github_integrator - INFO - Loaded schema: rse_markdown
2025-06-27 11:14:08,659 - rse_github_integrator - INFO - Loaded schema: rse_yaml
2025-06-27 11:14:08,660 - rse_github_integrator - INFO - RSE GitHub Integrator initialized for test-owner/test-repo
2025-06-27 11:14:08,674 - rse_github_integrator - INFO - Loaded schema: rse_content
2025-06-27 11:14:08,675 - rse_github_integrator - INFO - Loaded schema: rse_markdown
2025-06-27 11:14:08,676 - rse_github_integrator - INFO - Loaded schema: rse_yaml
2025-06-27 11:14:08,676 - rse_github_integrator - INFO - RSE GitHub Integrator initialized for test-owner/test-repo
2025-06-27 11:14:08,693 - rse_github_integrator - INFO - Loaded schema: rse_content
2025-06-27 11:14:08,693 - rse_github_integrator - INFO - Loaded schema: rse_markdown
2025-06-27 11:14:08,694 - rse_github_integrator - INFO - Loaded schema: rse_yaml
2025-06-27 11:14:08,694 - rse_github_integrator - INFO - RSE GitHub Integrator initialized for test-owner/test-repo
2025-06-27 11:14:08,711 - rse_github_integrator - INFO - Loaded schema: rse_content
2025-06-27 11:14:08,711 - rse_github_integrator - INFO - Loaded schema: rse_markdown
2025-06-27 11:14:08,712 - rse_github_integrator - INFO - Loaded schema: rse_yaml
2025-06-27 11:14:08,713 - rse_github_integrator - INFO - RSE GitHub Integrator initialized for test-owner/test-repo
2025-06-27 11:14:22,298 - rse_github_integrator - INFO - Loaded schema: rse_content
2025-06-27 11:14:22,299 - rse_github_integrator - INFO - Loaded schema: rse_markdown
2025-06-27 11:14:22,300 - rse_github_integrator - INFO - Loaded schema: rse_yaml
2025-06-27 11:14:22,300 - rse_github_integrator - INFO - RSE GitHub Integrator initialized for test-owner/test-repo
2025-06-27 11:14:22,317 - rse_github_integrator - INFO - Loaded schema: rse_content
2025-06-27 11:14:22,317 - rse_github_integrator - INFO - Loaded schema: rse_markdown
2025-06-27 11:14:22,318 - rse_github_integrator - INFO - Loaded schema: rse_yaml
2025-06-27 11:14:22,318 - rse_github_integrator - INFO - RSE GitHub Integrator initialized for test-owner/test-repo
2025-06-27 11:14:22,332 - rse_github_integrator - INFO - Loaded schema: rse_content
2025-06-27 11:14:22,333 - rse_github_integrator - INFO - Loaded schema: rse_markdown
2025-06-27 11:14:22,333 - rse_github_integrator - INFO - Loaded schema: rse_yaml
2025-06-27 11:14:22,334 - rse_github_integrator - INFO - RSE GitHub Integrator initialized for test-owner/test-repo
2025-06-27 11:14:22,349 - rse_github_integrator - INFO - Loaded schema: rse_content
2025-06-27 11:14:22,350 - rse_github_integrator - INFO - Loaded schema: rse_markdown
2025-06-27 11:14:22,350 - rse_github_integrator - INFO - Loaded schema: rse_yaml
2025-06-27 11:14:22,351 - rse_github_integrator - INFO - RSE GitHub Integrator initialized for test-owner/test-repo
2025-06-27 11:15:19,138 - rse_github_integrator - WARNING - Config file config.yaml not found, using defaults
2025-06-27 11:15:19,141 - rse_github_integrator - INFO - Loaded schema: rse_content
2025-06-27 11:15:19,141 - rse_github_integrator - INFO - Loaded schema: rse_markdown
2025-06-27 11:15:19,142 - rse_github_integrator - INFO - Loaded schema: rse_yaml
2025-06-27 11:15:19,143 - rse_github_integrator - INFO - RSE GitHub Integrator initialized for test-owner/test-repo
2025-06-27 11:15:27,425 - rse_github_integrator - WARNING - Config file config.yaml not found, using defaults
2025-06-27 11:15:27,426 - rse_github_integrator - INFO - Loaded schema: rse_content
2025-06-27 11:15:27,427 - rse_github_integrator - INFO - Loaded schema: rse_markdown
2025-06-27 11:15:27,427 - rse_github_integrator - INFO - Loaded schema: rse_yaml
2025-06-27 11:15:27,428 - rse_github_integrator - INFO - RSE GitHub Integrator initialized for test-owner/test-repo
2025-06-27 11:15:35,439 - rse_github_integrator - WARNING - Config file config.yaml not found, using defaults
2025-06-27 11:15:35,440 - rse_github_integrator - INFO - Loaded schema: rse_content
2025-06-27 11:15:35,441 - rse_github_integrator - INFO - Loaded schema: rse_markdown
2025-06-27 11:15:35,441 - rse_github_integrator - INFO - Loaded schema: rse_yaml
2025-06-27 11:15:35,442 - rse_github_integrator - INFO - RSE GitHub Integrator initialized for test-owner/test-repo
2025-06-27 11:15:52,041 - rse_github_integrator - INFO - Loaded schema: rse_content
2025-06-27 11:15:52,042 - rse_github_integrator - INFO - Loaded schema: rse_markdown
2025-06-27 11:15:52,042 - rse_github_integrator - INFO - Loaded schema: rse_yaml
2025-06-27 11:15:52,043 - rse_github_integrator - INFO - RSE GitHub Integrator initialized for test-owner/test-repo
2025-06-27 11:15:52,061 - rse_github_integrator - INFO - Loaded schema: rse_content
2025-06-27 11:15:52,061 - rse_github_integrator - INFO - Loaded schema: rse_markdown
2025-06-27 11:15:52,062 - rse_github_integrator - INFO - Loaded schema: rse_yaml
2025-06-27 11:15:52,062 - rse_github_integrator - INFO - RSE GitHub Integrator initialized for test-owner/test-repo
2025-06-27 11:15:52,081 - rse_github_integrator - INFO - Loaded schema: rse_content
2025-06-27 11:15:52,081 - rse_github_integrator - INFO - Loaded schema: rse_markdown
2025-06-27 11:15:52,082 - rse_github_integrator - INFO - Loaded schema: rse_yaml
2025-06-27 11:15:52,082 - rse_github_integrator - INFO - RSE GitHub Integrator initialized for test-owner/test-repo
2025-06-27 11:15:52,103 - rse_github_integrator - INFO - Loaded schema: rse_content
2025-06-27 11:15:52,104 - rse_github_integrator - INFO - Loaded schema: rse_markdown
2025-06-27 11:15:52,105 - rse_github_integrator - INFO - Loaded schema: rse_yaml
2025-06-27 11:15:52,105 - rse_github_integrator - INFO - RSE GitHub Integrator initialized for test-owner/test-repo
2025-06-27 11:15:58,504 - rse_github_integrator - INFO - Loaded schema: rse_content
2025-06-27 11:15:58,508 - rse_github_integrator - INFO - Loaded schema: rse_markdown
2025-06-27 11:15:58,509 - rse_github_integrator - INFO - Loaded schema: rse_yaml
2025-06-27 11:15:58,514 - rse_github_integrator - INFO - RSE GitHub Integrator initialized for test-owner/test-repo
2025-06-27 11:15:58,548 - rse_github_integrator - INFO - Loaded schema: rse_content
2025-06-27 11:15:58,549 - rse_github_integrator - INFO - Loaded schema: rse_markdown
2025-06-27 11:15:58,549 - rse_github_integrator - INFO - Loaded schema: rse_yaml
2025-06-27 11:15:58,550 - rse_github_integrator - INFO - RSE GitHub Integrator initialized for test-owner/test-repo
2025-06-27 11:15:58,566 - rse_github_integrator - INFO - Loaded schema: rse_content
2025-06-27 11:15:58,568 - rse_github_integrator - INFO - Loaded schema: rse_markdown
2025-06-27 11:15:58,568 - rse_github_integrator - INFO - Loaded schema: rse_yaml
2025-06-27 11:15:58,569 - rse_github_integrator - INFO - RSE GitHub Integrator initialized for test-owner/test-repo
2025-06-27 11:15:58,597 - rse_github_integrator - INFO - Loaded schema: rse_content
2025-06-27 11:15:58,597 - rse_github_integrator - INFO - Loaded schema: rse_markdown
2025-06-27 11:15:58,598 - rse_github_integrator - INFO - Loaded schema: rse_yaml
2025-06-27 11:15:58,598 - rse_github_integrator - INFO - RSE GitHub Integrator initialized for test-owner/test-repo
2025-06-27 11:16:29,258 - rse_github_integrator - WARNING - Config file config.yaml not found, using defaults
2025-06-27 11:16:29,259 - rse_github_integrator - INFO - Loaded schema: rse_content
2025-06-27 11:16:29,259 - rse_github_integrator - INFO - Loaded schema: rse_markdown
2025-06-27 11:16:29,260 - rse_github_integrator - INFO - Loaded schema: rse_yaml
2025-06-27 11:16:29,260 - rse_github_integrator - INFO - RSE GitHub Integrator initialized for test-owner/test-repo
2025-06-27 11:16:43,190 - rse_github_integrator - INFO - Loaded schema: rse_content
2025-06-27 11:16:43,191 - rse_github_integrator - INFO - Loaded schema: rse_markdown
2025-06-27 11:16:43,192 - rse_github_integrator - INFO - Loaded schema: rse_yaml
2025-06-27 11:16:43,192 - rse_github_integrator - INFO - RSE GitHub Integrator initialized for test-owner/test-repo
2025-06-27 11:16:43,228 - rse_github_integrator - INFO - Loaded schema: rse_content
2025-06-27 11:16:43,230 - rse_github_integrator - INFO - Loaded schema: rse_markdown
2025-06-27 11:16:43,231 - rse_github_integrator - INFO - Loaded schema: rse_yaml
2025-06-27 11:16:43,232 - rse_github_integrator - INFO - RSE GitHub Integrator initialized for test-owner/test-repo
2025-06-27 11:16:43,252 - rse_github_integrator - INFO - Loaded schema: rse_content
2025-06-27 11:16:43,252 - rse_github_integrator - INFO - Loaded schema: rse_markdown
2025-06-27 11:16:43,253 - rse_github_integrator - INFO - Loaded schema: rse_yaml
2025-06-27 11:16:43,253 - rse_github_integrator - INFO - RSE GitHub Integrator initialized for test-owner/test-repo
2025-06-27 11:16:43,271 - rse_github_integrator - INFO - Loaded schema: rse_content
2025-06-27 11:16:43,272 - rse_github_integrator - INFO - Loaded schema: rse_markdown
2025-06-27 11:16:43,273 - rse_github_integrator - INFO - Loaded schema: rse_yaml
2025-06-27 11:16:43,273 - rse_github_integrator - INFO - RSE GitHub Integrator initialized for test-owner/test-repo
2025-06-27 11:19:04,893 - rse_github_integrator - INFO - Loaded schema: rse_content
2025-06-27 11:19:04,894 - rse_github_integrator - INFO - Loaded schema: rse_markdown
2025-06-27 11:19:04,896 - rse_github_integrator - INFO - Loaded schema: rse_yaml
2025-06-27 11:19:04,896 - rse_github_integrator - INFO - RSE GitHub Integrator initialized for test-owner/test-repo
2025-06-27 11:19:04,922 - rse_github_integrator - INFO - Loaded schema: rse_content
2025-06-27 11:19:04,922 - rse_github_integrator - INFO - Loaded schema: rse_markdown
2025-06-27 11:19:04,923 - rse_github_integrator - INFO - Loaded schema: rse_yaml
2025-06-27 11:19:04,923 - rse_github_integrator - INFO - RSE GitHub Integrator initialized for test-owner/test-repo
2025-06-27 11:19:04,954 - rse_github_integrator - INFO - Loaded schema: rse_content
2025-06-27 11:19:04,954 - rse_github_integrator - INFO - Loaded schema: rse_markdown
2025-06-27 11:19:04,955 - rse_github_integrator - INFO - Loaded schema: rse_yaml
2025-06-27 11:19:04,956 - rse_github_integrator - INFO - RSE GitHub Integrator initialized for test-owner/test-repo
2025-06-27 11:19:04,985 - rse_github_integrator - INFO - Loaded schema: rse_content
2025-06-27 11:19:04,986 - rse_github_integrator - INFO - Loaded schema: rse_markdown
2025-06-27 11:19:04,987 - rse_github_integrator - INFO - Loaded schema: rse_yaml
2025-06-27 11:19:04,987 - rse_github_integrator - INFO - RSE GitHub Integrator initialized for test-owner/test-repo
